[23-Jan-2026 11:36:46 Europe/Berlin] PHP Deprecated:  Creation of dynamic property CustomerMaster::$0 is deprecated in C:\xampp\htdocs\ekamuthu-enterprises\class\CustomerMaster.php on line 43
[23-Jan-2026 11:36:46 Europe/Berlin] PHP Deprecated:  Creation of dynamic property CustomerMaster::$1 is deprecated in C:\xampp\htdocs\ekamuthu-enterprises\class\CustomerMaster.php on line 43
[23-Jan-2026 11:36:46 Europe/Berlin] PHP Deprecated:  Creation of dynamic property CustomerMaster::$2 is deprecated in C:\xampp\htdocs\ekamuthu-enterprises\class\CustomerMaster.php on line 43
[23-Jan-2026 11:36:46 Europe/Berlin] PHP Deprecated:  Creation of dynamic property CustomerMaster::$3 is deprecated in C:\xampp\htdocs\ekamuthu-enterprises\class\CustomerMaster.php on line 43
[23-Jan-2026 11:36:46 Europe/Berlin] PHP Deprecated:  Creation of dynamic property CustomerMaster::$4 is deprecated in C:\xampp\htdocs\ekamuthu-enterprises\class\CustomerMaster.php on line 43
[23-Jan-2026 11:36:46 Europe/Berlin] PHP Deprecated:  Creation of dynamic property CustomerMaster::$5 is deprecated in C:\xampp\htdocs\ekamuthu-enterprises\class\CustomerMaster.php on line 43
[23-Jan-2026 11:36:46 Europe/Berlin] PHP Deprecated:  Creation of dynamic property CustomerMaster::$6 is deprecated in C:\xampp\htdocs\ekamuthu-enterprises\class\CustomerMaster.php on line 43
[23-Jan-2026 11:36:46 Europe/Berlin] PHP Deprecated:  Creation of dynamic property CustomerMaster::$7 is deprecated in C:\xampp\htdocs\ekamuthu-enterprises\class\CustomerMaster.php on line 43
[23-Jan-2026 11:36:46 Europe/Berlin] PHP Deprecated:  Creation of dynamic property CustomerMaster::$8 is deprecated in C:\xampp\htdocs\ekamuthu-enterprises\class\CustomerMaster.php on line 43
[23-Jan-2026 11:36:46 Europe/Berlin] PHP Deprecated:  Creation of dynamic property CustomerMaster::$9 is deprecated in C:\xampp\htdocs\ekamuthu-enterprises\class\CustomerMaster.php on line 43
[23-Jan-2026 11:36:46 Europe/Berlin] PHP Deprecated:  Creation of dynamic property CustomerMaster::$10 is deprecated in C:\xampp\htdocs\ekamuthu-enterprises\class\CustomerMaster.php on line 43
[23-Jan-2026 11:36:46 Europe/Berlin] PHP Deprecated:  Creation of dynamic property CustomerMaster::$11 is deprecated in C:\xampp\htdocs\ekamuthu-enterprises\class\CustomerMaster.php on line 43
[23-Jan-2026 11:36:46 Europe/Berlin] PHP Deprecated:  Creation of dynamic property CustomerMaster::$12 is deprecated in C:\xampp\htdocs\ekamuthu-enterprises\class\CustomerMaster.php on line 43
[23-Jan-2026 11:36:46 Europe/Berlin] PHP Deprecated:  Creation of dynamic property CustomerMaster::$13 is deprecated in C:\xampp\htdocs\ekamuthu-enterprises\class\CustomerMaster.php on line 43
[23-Jan-2026 11:36:46 Europe/Berlin] PHP Deprecated:  Creation of dynamic property CustomerMaster::$14 is deprecated in C:\xampp\htdocs\ekamuthu-enterprises\class\CustomerMaster.php on line 43
[23-Jan-2026 11:36:46 Europe/Berlin] PHP Deprecated:  Creation of dynamic property CustomerMaster::$15 is deprecated in C:\xampp\htdocs\ekamuthu-enterprises\class\CustomerMaster.php on line 43
[23-Jan-2026 11:36:46 Europe/Berlin] PHP Deprecated:  Creation of dynamic property CustomerMaster::$16 is deprecated in C:\xampp\htdocs\ekamuthu-enterprises\class\CustomerMaster.php on line 43
[23-Jan-2026 11:36:46 Europe/Berlin] PHP Deprecated:  Creation of dynamic property CustomerMaster::$17 is deprecated in C:\xampp\htdocs\ekamuthu-enterprises\class\CustomerMaster.php on line 43
[23-Jan-2026 11:36:46 Europe/Berlin] PHP Deprecated:  Creation of dynamic property CustomerMaster::$18 is deprecated in C:\xampp\htdocs\ekamuthu-enterprises\class\CustomerMaster.php on line 43
[23-Jan-2026 11:36:46 Europe/Berlin] PHP Deprecated:  Creation of dynamic property CustomerMaster::$19 is deprecated in C:\xampp\htdocs\ekamuthu-enterprises\class\CustomerMaster.php on line 43
[23-Jan-2026 11:36:46 Europe/Berlin] PHP Deprecated:  Creation of dynamic property CustomerMaster::$guarantor_photo is deprecated in C:\xampp\htdocs\ekamuthu-enterprises\class\CustomerMaster.php on line 43
[23-Jan-2026 11:36:46 Europe/Berlin] PHP Deprecated:  Creation of dynamic property CustomerMaster::$20 is deprecated in C:\xampp\htdocs\ekamuthu-enterprises\class\CustomerMaster.php on line 43
[23-Jan-2026 11:36:46 Europe/Berlin] PHP Deprecated:  Creation of dynamic property CustomerMaster::$21 is deprecated in C:\xampp\htdocs\ekamuthu-enterprises\class\CustomerMaster.php on line 43
[23-Jan-2026 11:36:46 Europe/Berlin] PHP Deprecated:  Creation of dynamic property CustomerMaster::$company_name is deprecated in C:\xampp\htdocs\ekamuthu-enterprises\class\CustomerMaster.php on line 43
[23-Jan-2026 11:36:46 Europe/Berlin] PHP Deprecated:  Creation of dynamic property CustomerMaster::$22 is deprecated in C:\xampp\htdocs\ekamuthu-enterprises\class\CustomerMaster.php on line 43
[26-Jan-2026 11:40:30 Europe/Berlin] PHP Deprecated:  Creation of dynamic property DocumentTracking::$0 is deprecated in C:\xampp\htdocs\ekamuthu-enterprises\class\DocumentTracking.php on line 38
[26-Jan-2026 11:40:30 Europe/Berlin] PHP Deprecated:  Creation of dynamic property DocumentTracking::$1 is deprecated in C:\xampp\htdocs\ekamuthu-enterprises\class\DocumentTracking.php on line 38
[26-Jan-2026 11:40:30 Europe/Berlin] PHP Deprecated:  Creation of dynamic property DocumentTracking::$2 is deprecated in C:\xampp\htdocs\ekamuthu-enterprises\class\DocumentTracking.php on line 38
[26-Jan-2026 11:40:30 Europe/Berlin] PHP Deprecated:  Creation of dynamic property DocumentTracking::$3 is deprecated in C:\xampp\htdocs\ekamuthu-enterprises\class\DocumentTracking.php on line 38
[26-Jan-2026 11:40:30 Europe/Berlin] PHP Deprecated:  Creation of dynamic property DocumentTracking::$4 is deprecated in C:\xampp\htdocs\ekamuthu-enterprises\class\DocumentTracking.php on line 38
[26-Jan-2026 11:40:30 Europe/Berlin] PHP Deprecated:  Creation of dynamic property DocumentTracking::$5 is deprecated in C:\xampp\htdocs\ekamuthu-enterprises\class\DocumentTracking.php on line 38
[26-Jan-2026 11:40:30 Europe/Berlin] PHP Deprecated:  Creation of dynamic property DocumentTracking::$6 is deprecated in C:\xampp\htdocs\ekamuthu-enterprises\class\DocumentTracking.php on line 38
[26-Jan-2026 11:40:30 Europe/Berlin] PHP Deprecated:  Creation of dynamic property DocumentTracking::$7 is deprecated in C:\xampp\htdocs\ekamuthu-enterprises\class\DocumentTracking.php on line 38
[26-Jan-2026 11:40:30 Europe/Berlin] PHP Deprecated:  Creation of dynamic property DocumentTracking::$8 is deprecated in C:\xampp\htdocs\ekamuthu-enterprises\class\DocumentTracking.php on line 38
[26-Jan-2026 11:40:30 Europe/Berlin] PHP Deprecated:  Creation of dynamic property DocumentTracking::$9 is deprecated in C:\xampp\htdocs\ekamuthu-enterprises\class\DocumentTracking.php on line 38
[26-Jan-2026 11:40:30 Europe/Berlin] PHP Deprecated:  Creation of dynamic property DocumentTracking::$10 is deprecated in C:\xampp\htdocs\ekamuthu-enterprises\class\DocumentTracking.php on line 38
[26-Jan-2026 11:40:30 Europe/Berlin] PHP Deprecated:  Creation of dynamic property DocumentTracking::$11 is deprecated in C:\xampp\htdocs\ekamuthu-enterprises\class\DocumentTracking.php on line 38
[26-Jan-2026 11:40:30 Europe/Berlin] PHP Deprecated:  Creation of dynamic property DocumentTracking::$12 is deprecated in C:\xampp\htdocs\ekamuthu-enterprises\class\DocumentTracking.php on line 38
[26-Jan-2026 11:40:30 Europe/Berlin] PHP Deprecated:  Creation of dynamic property DocumentTracking::$13 is deprecated in C:\xampp\htdocs\ekamuthu-enterprises\class\DocumentTracking.php on line 38
[26-Jan-2026 11:40:30 Europe/Berlin] PHP Deprecated:  Creation of dynamic property DocumentTracking::$14 is deprecated in C:\xampp\htdocs\ekamuthu-enterprises\class\DocumentTracking.php on line 38
[26-Jan-2026 11:40:30 Europe/Berlin] PHP Deprecated:  Creation of dynamic property DocumentTracking::$15 is deprecated in C:\xampp\htdocs\ekamuthu-enterprises\class\DocumentTracking.php on line 38
[26-Jan-2026 11:40:30 Europe/Berlin] PHP Deprecated:  Creation of dynamic property DocumentTracking::$16 is deprecated in C:\xampp\htdocs\ekamuthu-enterprises\class\DocumentTracking.php on line 38
[26-Jan-2026 11:40:30 Europe/Berlin] PHP Deprecated:  Creation of dynamic property DocumentTracking::$17 is deprecated in C:\xampp\htdocs\ekamuthu-enterprises\class\DocumentTracking.php on line 38
[26-Jan-2026 11:40:30 Europe/Berlin] PHP Deprecated:  Creation of dynamic property DocumentTracking::$18 is deprecated in C:\xampp\htdocs\ekamuthu-enterprises\class\DocumentTracking.php on line 38
[26-Jan-2026 11:40:30 Europe/Berlin] PHP Deprecated:  Creation of dynamic property DocumentTracking::$19 is deprecated in C:\xampp\htdocs\ekamuthu-enterprises\class\DocumentTracking.php on line 38
[26-Jan-2026 11:40:30 Europe/Berlin] PHP Deprecated:  Creation of dynamic property DocumentTracking::$status is deprecated in C:\xampp\htdocs\ekamuthu-enterprises\class\DocumentTracking.php on line 38
[26-Jan-2026 11:40:30 Europe/Berlin] PHP Deprecated:  Creation of dynamic property DocumentTracking::$20 is deprecated in C:\xampp\htdocs\ekamuthu-enterprises\class\DocumentTracking.php on line 38
[26-Jan-2026 11:40:30 Europe/Berlin] PHP Deprecated:  Creation of dynamic property DocumentTracking::$21 is deprecated in C:\xampp\htdocs\ekamuthu-enterprises\class\DocumentTracking.php on line 38
[26-Jan-2026 14:14:21 Europe/Berlin] PHP Deprecated:  Creation of dynamic property DocumentTracking::$0 is deprecated in C:\xampp\htdocs\ekamuthu-enterprises\class\DocumentTracking.php on line 38
[26-Jan-2026 14:14:21 Europe/Berlin] PHP Deprecated:  Creation of dynamic property DocumentTracking::$1 is deprecated in C:\xampp\htdocs\ekamuthu-enterprises\class\DocumentTracking.php on line 38
[26-Jan-2026 14:14:21 Europe/Berlin] PHP Deprecated:  Creation of dynamic property DocumentTracking::$2 is deprecated in C:\xampp\htdocs\ekamuthu-enterprises\class\DocumentTracking.php on line 38
[26-Jan-2026 14:14:21 Europe/Berlin] PHP Deprecated:  Creation of dynamic property DocumentTracking::$3 is deprecated in C:\xampp\htdocs\ekamuthu-enterprises\class\DocumentTracking.php on line 38
[26-Jan-2026 14:14:21 Europe/Berlin] PHP Deprecated:  Creation of dynamic property DocumentTracking::$4 is deprecated in C:\xampp\htdocs\ekamuthu-enterprises\class\DocumentTracking.php on line 38
[26-Jan-2026 14:14:21 Europe/Berlin] PHP Deprecated:  Creation of dynamic property DocumentTracking::$5 is deprecated in C:\xampp\htdocs\ekamuthu-enterprises\class\DocumentTracking.php on line 38
[26-Jan-2026 14:14:21 Europe/Berlin] PHP Deprecated:  Creation of dynamic property DocumentTracking::$6 is deprecated in C:\xampp\htdocs\ekamuthu-enterprises\class\DocumentTracking.php on line 38
[26-Jan-2026 14:14:21 Europe/Berlin] PHP Deprecated:  Creation of dynamic property DocumentTracking::$7 is deprecated in C:\xampp\htdocs\ekamuthu-enterprises\class\DocumentTracking.php on line 38
[26-Jan-2026 14:14:21 Europe/Berlin] PHP Deprecated:  Creation of dynamic property DocumentTracking::$8 is deprecated in C:\xampp\htdocs\ekamuthu-enterprises\class\DocumentTracking.php on line 38
[26-Jan-2026 14:14:21 Europe/Berlin] PHP Deprecated:  Creation of dynamic property DocumentTracking::$9 is deprecated in C:\xampp\htdocs\ekamuthu-enterprises\class\DocumentTracking.php on line 38
[26-Jan-2026 14:14:21 Europe/Berlin] PHP Deprecated:  Creation of dynamic property DocumentTracking::$10 is deprecated in C:\xampp\htdocs\ekamuthu-enterprises\class\DocumentTracking.php on line 38
[26-Jan-2026 14:14:21 Europe/Berlin] PHP Deprecated:  Creation of dynamic property DocumentTracking::$11 is deprecated in C:\xampp\htdocs\ekamuthu-enterprises\class\DocumentTracking.php on line 38
[26-Jan-2026 14:14:21 Europe/Berlin] PHP Deprecated:  Creation of dynamic property DocumentTracking::$12 is deprecated in C:\xampp\htdocs\ekamuthu-enterprises\class\DocumentTracking.php on line 38
[26-Jan-2026 14:14:21 Europe/Berlin] PHP Deprecated:  Creation of dynamic property DocumentTracking::$13 is deprecated in C:\xampp\htdocs\ekamuthu-enterprises\class\DocumentTracking.php on line 38
[26-Jan-2026 14:14:21 Europe/Berlin] PHP Deprecated:  Creation of dynamic property DocumentTracking::$14 is deprecated in C:\xampp\htdocs\ekamuthu-enterprises\class\DocumentTracking.php on line 38
[26-Jan-2026 14:14:21 Europe/Berlin] PHP Deprecated:  Creation of dynamic property DocumentTracking::$15 is deprecated in C:\xampp\htdocs\ekamuthu-enterprises\class\DocumentTracking.php on line 38
[26-Jan-2026 14:14:21 Europe/Berlin] PHP Deprecated:  Creation of dynamic property DocumentTracking::$16 is deprecated in C:\xampp\htdocs\ekamuthu-enterprises\class\DocumentTracking.php on line 38
[26-Jan-2026 14:14:21 Europe/Berlin] PHP Deprecated:  Creation of dynamic property DocumentTracking::$17 is deprecated in C:\xampp\htdocs\ekamuthu-enterprises\class\DocumentTracking.php on line 38
[26-Jan-2026 14:14:21 Europe/Berlin] PHP Deprecated:  Creation of dynamic property DocumentTracking::$18 is deprecated in C:\xampp\htdocs\ekamuthu-enterprises\class\DocumentTracking.php on line 38
[26-Jan-2026 14:14:21 Europe/Berlin] PHP Deprecated:  Creation of dynamic property DocumentTracking::$19 is deprecated in C:\xampp\htdocs\ekamuthu-enterprises\class\DocumentTracking.php on line 38
[26-Jan-2026 14:14:21 Europe/Berlin] PHP Deprecated:  Creation of dynamic property DocumentTracking::$status is deprecated in C:\xampp\htdocs\ekamuthu-enterprises\class\DocumentTracking.php on line 38
[26-Jan-2026 14:14:21 Europe/Berlin] PHP Deprecated:  Creation of dynamic property DocumentTracking::$20 is deprecated in C:\xampp\htdocs\ekamuthu-enterprises\class\DocumentTracking.php on line 38
[27-Jan-2026 05:52:27 Europe/Berlin] PHP Deprecated:  Creation of dynamic property DocumentTracking::$0 is deprecated in C:\xampp\htdocs\ekamuthu-enterprises\class\DocumentTracking.php on line 38
[27-Jan-2026 05:52:27 Europe/Berlin] PHP Deprecated:  Creation of dynamic property DocumentTracking::$1 is deprecated in C:\xampp\htdocs\ekamuthu-enterprises\class\DocumentTracking.php on line 38
[27-Jan-2026 05:52:27 Europe/Berlin] PHP Deprecated:  Creation of dynamic property DocumentTracking::$2 is deprecated in C:\xampp\htdocs\ekamuthu-enterprises\class\DocumentTracking.php on line 38
[27-Jan-2026 05:52:27 Europe/Berlin] PHP Deprecated:  Creation of dynamic property DocumentTracking::$3 is deprecated in C:\xampp\htdocs\ekamuthu-enterprises\class\DocumentTracking.php on line 38
[27-Jan-2026 05:52:27 Europe/Berlin] PHP Deprecated:  Creation of dynamic property DocumentTracking::$4 is deprecated in C:\xampp\htdocs\ekamuthu-enterprises\class\DocumentTracking.php on line 38
[27-Jan-2026 05:52:27 Europe/Berlin] PHP Deprecated:  Creation of dynamic property DocumentTracking::$5 is deprecated in C:\xampp\htdocs\ekamuthu-enterprises\class\DocumentTracking.php on line 38
[27-Jan-2026 05:52:27 Europe/Berlin] PHP Deprecated:  Creation of dynamic property DocumentTracking::$6 is deprecated in C:\xampp\htdocs\ekamuthu-enterprises\class\DocumentTracking.php on line 38
[27-Jan-2026 05:52:27 Europe/Berlin] PHP Deprecated:  Creation of dynamic property DocumentTracking::$7 is deprecated in C:\xampp\htdocs\ekamuthu-enterprises\class\DocumentTracking.php on line 38
[27-Jan-2026 05:52:27 Europe/Berlin] PHP Deprecated:  Creation of dynamic property DocumentTracking::$8 is deprecated in C:\xampp\htdocs\ekamuthu-enterprises\class\DocumentTracking.php on line 38
[27-Jan-2026 05:52:27 Europe/Berlin] PHP Deprecated:  Creation of dynamic property DocumentTracking::$9 is deprecated in C:\xampp\htdocs\ekamuthu-enterprises\class\DocumentTracking.php on line 38
[27-Jan-2026 05:52:27 Europe/Berlin] PHP Deprecated:  Creation of dynamic property DocumentTracking::$10 is deprecated in C:\xampp\htdocs\ekamuthu-enterprises\class\DocumentTracking.php on line 38
[27-Jan-2026 05:52:27 Europe/Berlin] PHP Deprecated:  Creation of dynamic property DocumentTracking::$11 is deprecated in C:\xampp\htdocs\ekamuthu-enterprises\class\DocumentTracking.php on line 38
[27-Jan-2026 05:52:27 Europe/Berlin] PHP Deprecated:  Creation of dynamic property DocumentTracking::$12 is deprecated in C:\xampp\htdocs\ekamuthu-enterprises\class\DocumentTracking.php on line 38
[27-Jan-2026 05:52:27 Europe/Berlin] PHP Deprecated:  Creation of dynamic property DocumentTracking::$13 is deprecated in C:\xampp\htdocs\ekamuthu-enterprises\class\DocumentTracking.php on line 38
[27-Jan-2026 05:52:27 Europe/Berlin] PHP Deprecated:  Creation of dynamic property DocumentTracking::$14 is deprecated in C:\xampp\htdocs\ekamuthu-enterprises\class\DocumentTracking.php on line 38
[27-Jan-2026 05:52:27 Europe/Berlin] PHP Deprecated:  Creation of dynamic property DocumentTracking::$15 is deprecated in C:\xampp\htdocs\ekamuthu-enterprises\class\DocumentTracking.php on line 38
[27-Jan-2026 05:52:27 Europe/Berlin] PHP Deprecated:  Creation of dynamic property DocumentTracking::$16 is deprecated in C:\xampp\htdocs\ekamuthu-enterprises\class\DocumentTracking.php on line 38
[27-Jan-2026 05:52:27 Europe/Berlin] PHP Deprecated:  Creation of dynamic property DocumentTracking::$17 is deprecated in C:\xampp\htdocs\ekamuthu-enterprises\class\DocumentTracking.php on line 38
[27-Jan-2026 05:52:27 Europe/Berlin] PHP Deprecated:  Creation of dynamic property DocumentTracking::$18 is deprecated in C:\xampp\htdocs\ekamuthu-enterprises\class\DocumentTracking.php on line 38
[27-Jan-2026 05:52:27 Europe/Berlin] PHP Deprecated:  Creation of dynamic property DocumentTracking::$19 is deprecated in C:\xampp\htdocs\ekamuthu-enterprises\class\DocumentTracking.php on line 38
[27-Jan-2026 05:52:27 Europe/Berlin] PHP Deprecated:  Creation of dynamic property DocumentTracking::$status is deprecated in C:\xampp\htdocs\ekamuthu-enterprises\class\DocumentTracking.php on line 38
[27-Jan-2026 05:52:27 Europe/Berlin] PHP Deprecated:  Creation of dynamic property DocumentTracking::$20 is deprecated in C:\xampp\htdocs\ekamuthu-enterprises\class\DocumentTracking.php on line 38
[27-Jan-2026 05:58:34 Europe/Berlin] PHP Deprecated:  Creation of dynamic property DocumentTracking::$0 is deprecated in C:\xampp\htdocs\ekamuthu-enterprises\class\DocumentTracking.php on line 38
[27-Jan-2026 05:58:34 Europe/Berlin] PHP Deprecated:  Creation of dynamic property DocumentTracking::$1 is deprecated in C:\xampp\htdocs\ekamuthu-enterprises\class\DocumentTracking.php on line 38
[27-Jan-2026 05:58:34 Europe/Berlin] PHP Deprecated:  Creation of dynamic property DocumentTracking::$2 is deprecated in C:\xampp\htdocs\ekamuthu-enterprises\class\DocumentTracking.php on line 38
[27-Jan-2026 05:58:34 Europe/Berlin] PHP Deprecated:  Creation of dynamic property DocumentTracking::$3 is deprecated in C:\xampp\htdocs\ekamuthu-enterprises\class\DocumentTracking.php on line 38
[27-Jan-2026 05:58:34 Europe/Berlin] PHP Deprecated:  Creation of dynamic property DocumentTracking::$4 is deprecated in C:\xampp\htdocs\ekamuthu-enterprises\class\DocumentTracking.php on line 38
[27-Jan-2026 05:58:34 Europe/Berlin] PHP Deprecated:  Creation of dynamic property DocumentTracking::$5 is deprecated in C:\xampp\htdocs\ekamuthu-enterprises\class\DocumentTracking.php on line 38
[27-Jan-2026 05:58:34 Europe/Berlin] PHP Deprecated:  Creation of dynamic property DocumentTracking::$6 is deprecated in C:\xampp\htdocs\ekamuthu-enterprises\class\DocumentTracking.php on line 38
[27-Jan-2026 05:58:34 Europe/Berlin] PHP Deprecated:  Creation of dynamic property DocumentTracking::$7 is deprecated in C:\xampp\htdocs\ekamuthu-enterprises\class\DocumentTracking.php on line 38
[27-Jan-2026 05:58:34 Europe/Berlin] PHP Deprecated:  Creation of dynamic property DocumentTracking::$8 is deprecated in C:\xampp\htdocs\ekamuthu-enterprises\class\DocumentTracking.php on line 38
[27-Jan-2026 05:58:34 Europe/Berlin] PHP Deprecated:  Creation of dynamic property DocumentTracking::$9 is deprecated in C:\xampp\htdocs\ekamuthu-enterprises\class\DocumentTracking.php on line 38
[27-Jan-2026 05:58:34 Europe/Berlin] PHP Deprecated:  Creation of dynamic property DocumentTracking::$10 is deprecated in C:\xampp\htdocs\ekamuthu-enterprises\class\DocumentTracking.php on line 38
[27-Jan-2026 05:58:34 Europe/Berlin] PHP Deprecated:  Creation of dynamic property DocumentTracking::$11 is deprecated in C:\xampp\htdocs\ekamuthu-enterprises\class\DocumentTracking.php on line 38
[27-Jan-2026 05:58:34 Europe/Berlin] PHP Deprecated:  Creation of dynamic property DocumentTracking::$12 is deprecated in C:\xampp\htdocs\ekamuthu-enterprises\class\DocumentTracking.php on line 38
[27-Jan-2026 05:58:34 Europe/Berlin] PHP Deprecated:  Creation of dynamic property DocumentTracking::$13 is deprecated in C:\xampp\htdocs\ekamuthu-enterprises\class\DocumentTracking.php on line 38
[27-Jan-2026 05:58:34 Europe/Berlin] PHP Deprecated:  Creation of dynamic property DocumentTracking::$14 is deprecated in C:\xampp\htdocs\ekamuthu-enterprises\class\DocumentTracking.php on line 38
[27-Jan-2026 05:58:34 Europe/Berlin] PHP Deprecated:  Creation of dynamic property DocumentTracking::$15 is deprecated in C:\xampp\htdocs\ekamuthu-enterprises\class\DocumentTracking.php on line 38
[27-Jan-2026 05:58:34 Europe/Berlin] PHP Deprecated:  Creation of dynamic property DocumentTracking::$16 is deprecated in C:\xampp\htdocs\ekamuthu-enterprises\class\DocumentTracking.php on line 38
[27-Jan-2026 05:58:34 Europe/Berlin] PHP Deprecated:  Creation of dynamic property DocumentTracking::$17 is deprecated in C:\xampp\htdocs\ekamuthu-enterprises\class\DocumentTracking.php on line 38
[27-Jan-2026 05:58:34 Europe/Berlin] PHP Deprecated:  Creation of dynamic property DocumentTracking::$18 is deprecated in C:\xampp\htdocs\ekamuthu-enterprises\class\DocumentTracking.php on line 38
[27-Jan-2026 05:58:34 Europe/Berlin] PHP Deprecated:  Creation of dynamic property DocumentTracking::$19 is deprecated in C:\xampp\htdocs\ekamuthu-enterprises\class\DocumentTracking.php on line 38
[27-Jan-2026 05:58:34 Europe/Berlin] PHP Deprecated:  Creation of dynamic property DocumentTracking::$status is deprecated in C:\xampp\htdocs\ekamuthu-enterprises\class\DocumentTracking.php on line 38
[27-Jan-2026 05:58:34 Europe/Berlin] PHP Deprecated:  Creation of dynamic property DocumentTracking::$20 is deprecated in C:\xampp\htdocs\ekamuthu-enterprises\class\DocumentTracking.php on line 38
[27-Jan-2026 07:30:40 Europe/Berlin] PHP Deprecated:  Creation of dynamic property DocumentTracking::$0 is deprecated in C:\xampp\htdocs\ekamuthu-enterprises\class\DocumentTracking.php on line 38
[27-Jan-2026 07:30:40 Europe/Berlin] PHP Deprecated:  Creation of dynamic property DocumentTracking::$1 is deprecated in C:\xampp\htdocs\ekamuthu-enterprises\class\DocumentTracking.php on line 38
[27-Jan-2026 07:30:40 Europe/Berlin] PHP Deprecated:  Creation of dynamic property DocumentTracking::$2 is deprecated in C:\xampp\htdocs\ekamuthu-enterprises\class\DocumentTracking.php on line 38
[27-Jan-2026 07:30:40 Europe/Berlin] PHP Deprecated:  Creation of dynamic property DocumentTracking::$3 is deprecated in C:\xampp\htdocs\ekamuthu-enterprises\class\DocumentTracking.php on line 38
[27-Jan-2026 07:30:40 Europe/Berlin] PHP Deprecated:  Creation of dynamic property DocumentTracking::$4 is deprecated in C:\xampp\htdocs\ekamuthu-enterprises\class\DocumentTracking.php on line 38
[27-Jan-2026 07:30:40 Europe/Berlin] PHP Deprecated:  Creation of dynamic property DocumentTracking::$5 is deprecated in C:\xampp\htdocs\ekamuthu-enterprises\class\DocumentTracking.php on line 38
[27-Jan-2026 07:30:40 Europe/Berlin] PHP Deprecated:  Creation of dynamic property DocumentTracking::$6 is deprecated in C:\xampp\htdocs\ekamuthu-enterprises\class\DocumentTracking.php on line 38
[27-Jan-2026 07:30:40 Europe/Berlin] PHP Deprecated:  Creation of dynamic property DocumentTracking::$7 is deprecated in C:\xampp\htdocs\ekamuthu-enterprises\class\DocumentTracking.php on line 38
[27-Jan-2026 07:30:40 Europe/Berlin] PHP Deprecated:  Creation of dynamic property DocumentTracking::$8 is deprecated in C:\xampp\htdocs\ekamuthu-enterprises\class\DocumentTracking.php on line 38
[27-Jan-2026 07:30:40 Europe/Berlin] PHP Deprecated:  Creation of dynamic property DocumentTracking::$9 is deprecated in C:\xampp\htdocs\ekamuthu-enterprises\class\DocumentTracking.php on line 38
[27-Jan-2026 07:30:40 Europe/Berlin] PHP Deprecated:  Creation of dynamic property DocumentTracking::$10 is deprecated in C:\xampp\htdocs\ekamuthu-enterprises\class\DocumentTracking.php on line 38
[27-Jan-2026 07:30:40 Europe/Berlin] PHP Deprecated:  Creation of dynamic property DocumentTracking::$11 is deprecated in C:\xampp\htdocs\ekamuthu-enterprises\class\DocumentTracking.php on line 38
[27-Jan-2026 07:30:40 Europe/Berlin] PHP Deprecated:  Creation of dynamic property DocumentTracking::$12 is deprecated in C:\xampp\htdocs\ekamuthu-enterprises\class\DocumentTracking.php on line 38
[27-Jan-2026 07:30:40 Europe/Berlin] PHP Deprecated:  Creation of dynamic property DocumentTracking::$13 is deprecated in C:\xampp\htdocs\ekamuthu-enterprises\class\DocumentTracking.php on line 38
[27-Jan-2026 07:30:40 Europe/Berlin] PHP Deprecated:  Creation of dynamic property DocumentTracking::$14 is deprecated in C:\xampp\htdocs\ekamuthu-enterprises\class\DocumentTracking.php on line 38
[27-Jan-2026 07:30:40 Europe/Berlin] PHP Deprecated:  Creation of dynamic property DocumentTracking::$15 is deprecated in C:\xampp\htdocs\ekamuthu-enterprises\class\DocumentTracking.php on line 38
[27-Jan-2026 07:30:40 Europe/Berlin] PHP Deprecated:  Creation of dynamic property DocumentTracking::$16 is deprecated in C:\xampp\htdocs\ekamuthu-enterprises\class\DocumentTracking.php on line 38
[27-Jan-2026 07:30:40 Europe/Berlin] PHP Deprecated:  Creation of dynamic property DocumentTracking::$17 is deprecated in C:\xampp\htdocs\ekamuthu-enterprises\class\DocumentTracking.php on line 38
[27-Jan-2026 07:30:40 Europe/Berlin] PHP Deprecated:  Creation of dynamic property DocumentTracking::$18 is deprecated in C:\xampp\htdocs\ekamuthu-enterprises\class\DocumentTracking.php on line 38
[27-Jan-2026 07:30:40 Europe/Berlin] PHP Deprecated:  Creation of dynamic property DocumentTracking::$19 is deprecated in C:\xampp\htdocs\ekamuthu-enterprises\class\DocumentTracking.php on line 38
[27-Jan-2026 07:30:40 Europe/Berlin] PHP Deprecated:  Creation of dynamic property DocumentTracking::$status is deprecated in C:\xampp\htdocs\ekamuthu-enterprises\class\DocumentTracking.php on line 38
[27-Jan-2026 07:30:40 Europe/Berlin] PHP Deprecated:  Creation of dynamic property DocumentTracking::$20 is deprecated in C:\xampp\htdocs\ekamuthu-enterprises\class\DocumentTracking.php on line 38
[27-Jan-2026 07:31:35 Europe/Berlin] PHP Deprecated:  Creation of dynamic property DocumentTracking::$0 is deprecated in C:\xampp\htdocs\ekamuthu-enterprises\class\DocumentTracking.php on line 38
[27-Jan-2026 07:31:35 Europe/Berlin] PHP Deprecated:  Creation of dynamic property DocumentTracking::$1 is deprecated in C:\xampp\htdocs\ekamuthu-enterprises\class\DocumentTracking.php on line 38
[27-Jan-2026 07:31:35 Europe/Berlin] PHP Deprecated:  Creation of dynamic property DocumentTracking::$2 is deprecated in C:\xampp\htdocs\ekamuthu-enterprises\class\DocumentTracking.php on line 38
[27-Jan-2026 07:31:35 Europe/Berlin] PHP Deprecated:  Creation of dynamic property DocumentTracking::$3 is deprecated in C:\xampp\htdocs\ekamuthu-enterprises\class\DocumentTracking.php on line 38
[27-Jan-2026 07:31:35 Europe/Berlin] PHP Deprecated:  Creation of dynamic property DocumentTracking::$4 is deprecated in C:\xampp\htdocs\ekamuthu-enterprises\class\DocumentTracking.php on line 38
[27-Jan-2026 07:31:35 Europe/Berlin] PHP Deprecated:  Creation of dynamic property DocumentTracking::$5 is deprecated in C:\xampp\htdocs\ekamuthu-enterprises\class\DocumentTracking.php on line 38
[27-Jan-2026 07:31:35 Europe/Berlin] PHP Deprecated:  Creation of dynamic property DocumentTracking::$6 is deprecated in C:\xampp\htdocs\ekamuthu-enterprises\class\DocumentTracking.php on line 38
[27-Jan-2026 07:31:35 Europe/Berlin] PHP Deprecated:  Creation of dynamic property DocumentTracking::$7 is deprecated in C:\xampp\htdocs\ekamuthu-enterprises\class\DocumentTracking.php on line 38
[27-Jan-2026 07:31:35 Europe/Berlin] PHP Deprecated:  Creation of dynamic property DocumentTracking::$8 is deprecated in C:\xampp\htdocs\ekamuthu-enterprises\class\DocumentTracking.php on line 38
[27-Jan-2026 07:31:35 Europe/Berlin] PHP Deprecated:  Creation of dynamic property DocumentTracking::$9 is deprecated in C:\xampp\htdocs\ekamuthu-enterprises\class\DocumentTracking.php on line 38
[27-Jan-2026 07:31:35 Europe/Berlin] PHP Deprecated:  Creation of dynamic property DocumentTracking::$10 is deprecated in C:\xampp\htdocs\ekamuthu-enterprises\class\DocumentTracking.php on line 38
[27-Jan-2026 07:31:35 Europe/Berlin] PHP Deprecated:  Creation of dynamic property DocumentTracking::$11 is deprecated in C:\xampp\htdocs\ekamuthu-enterprises\class\DocumentTracking.php on line 38
[27-Jan-2026 07:31:35 Europe/Berlin] PHP Deprecated:  Creation of dynamic property DocumentTracking::$12 is deprecated in C:\xampp\htdocs\ekamuthu-enterprises\class\DocumentTracking.php on line 38
[27-Jan-2026 07:31:35 Europe/Berlin] PHP Deprecated:  Creation of dynamic property DocumentTracking::$13 is deprecated in C:\xampp\htdocs\ekamuthu-enterprises\class\DocumentTracking.php on line 38
[27-Jan-2026 07:31:35 Europe/Berlin] PHP Deprecated:  Creation of dynamic property DocumentTracking::$14 is deprecated in C:\xampp\htdocs\ekamuthu-enterprises\class\DocumentTracking.php on line 38
[27-Jan-2026 07:31:35 Europe/Berlin] PHP Deprecated:  Creation of dynamic property DocumentTracking::$15 is deprecated in C:\xampp\htdocs\ekamuthu-enterprises\class\DocumentTracking.php on line 38
[27-Jan-2026 07:31:35 Europe/Berlin] PHP Deprecated:  Creation of dynamic property DocumentTracking::$16 is deprecated in C:\xampp\htdocs\ekamuthu-enterprises\class\DocumentTracking.php on line 38
[27-Jan-2026 07:31:35 Europe/Berlin] PHP Deprecated:  Creation of dynamic property DocumentTracking::$17 is deprecated in C:\xampp\htdocs\ekamuthu-enterprises\class\DocumentTracking.php on line 38
[27-Jan-2026 07:31:35 Europe/Berlin] PHP Deprecated:  Creation of dynamic property DocumentTracking::$18 is deprecated in C:\xampp\htdocs\ekamuthu-enterprises\class\DocumentTracking.php on line 38
[27-Jan-2026 07:31:35 Europe/Berlin] PHP Deprecated:  Creation of dynamic property DocumentTracking::$19 is deprecated in C:\xampp\htdocs\ekamuthu-enterprises\class\DocumentTracking.php on line 38
[27-Jan-2026 07:31:35 Europe/Berlin] PHP Deprecated:  Creation of dynamic property DocumentTracking::$status is deprecated in C:\xampp\htdocs\ekamuthu-enterprises\class\DocumentTracking.php on line 38
[27-Jan-2026 07:31:35 Europe/Berlin] PHP Deprecated:  Creation of dynamic property DocumentTracking::$20 is deprecated in C:\xampp\htdocs\ekamuthu-enterprises\class\DocumentTracking.php on line 38
